<?xml version="1.0" encoding="UTF-8"?>
<!-- Generated by org.testng.reporters.JUnitXMLReporter -->
<testsuite hostname="CybertekSchools-iMac-2.local" ignored="5" name="Default test" tests="1" failures="0" timestamp="08 Jan 2019 21:00:37 GMT" time="0.126" errors="0">
  <testcase name="useDBUtils2" time="0.109" classname="com.bookit.tests.JDBCTest"/>
  <testcase name="JDBCMetaData" time="0.0" classname="com.bookit.tests.JDBCTest">
    <ignored/>
  </testcase> <!-- JDBCMetaData -->
  <testcase name="DBUtilDynamic" time="0.0" classname="com.bookit.tests.JDBCTest">
    <ignored/>
  </testcase> <!-- DBUtilDynamic -->
  <testcase name="PostGreSQL" time="0.0" classname="com.bookit.tests.JDBCTest">
    <ignored/>
  </testcase> <!-- PostGreSQL -->
  <testcase name="useDBUtils" time="0.0" classname="com.bookit.tests.JDBCTest">
    <ignored/>
  </testcase> <!-- useDBUtils -->
  <testcase name="DBUtil" time="0.0" classname="com.bookit.tests.JDBCTest">
    <ignored/>
  </testcase> <!-- DBUtil -->
</testsuite> <!-- Default test -->
